# for SublimeText / LaTeXTools issue 133, replying ig0774
----------------
All Key Mappings
----------------
 [ ]
   insert_snippet                           CSS                   [{"key": "setting.auto_match_enabled", "operator": "equal", "operand": true}, {"key": "selection_empty", "match_all": true, "operator": "equal", "operand": true}, {"key": "selector", "match_all": true, "operator": "equal", "operand": "source.css - meta.selector.css"}, {"key": "preceding_text", "match_all": true, "operator": "regex_contains", "operand": "\\{$"}, {"key": "following_text", "match_all": true, "operator": "regex_contains", "operand": "^\\}"}]
 ["]
   insert_snippet                           Default               [{"key": "setting.auto_match_enabled", "operator": "equal", "operand": true}, {"key": "selection_empty", "match_all": true, "operator": "equal", "operand": true}, {"key": "following_text", "match_all": true, "operator": "regex_contains", "operand": "^(?:\t| |\\)|]|\\}|>|$)"}, {"key": "preceding_text", "match_all": true, "operator": "not_regex_contains", "operand": "[\"a-zA-Z0-9_]$"}, {"key": "eol_selector", "match_all": true, "operator": "not_equal", "operand": "string.quoted.double - punctuation.definition.string.end"}]
   insert_snippet                           Default               [{"key": "setting.auto_match_enabled", "operator": "equal", "operand": true}, {"key": "selection_empty", "match_all": true, "operator": "equal", "operand": false}]
   move                                     Default               [{"key": "setting.auto_match_enabled", "operator": "equal", "operand": true}, {"key": "selection_empty", "match_all": true, "operator": "equal", "operand": true}, {"key": "following_text", "match_all": true, "operator": "regex_contains", "operand": "^\""}, {"key": "selector", "match_all": true, "operator": "not_equal", "operand": "punctuation.definition.string.begin"}, {"key": "eol_selector", "match_all": true, "operator": "not_equal", "operand": "string.quoted.double - punctuation.definition.string.end"}]
 [#]
   insert_snippet                           Ruby                  [{"key": "setting.auto_match_enabled", "operator": "equal", "operand": true}, {"key": "selector", "match_all": true, "operator": "equal", "operand": "(string.quoted.double.ruby | string.interpolated.ruby) - string source"}]
 [$]
   insert_snippet                           LaTeXTools            [{"key": "setting.command_mode", "operator": "equal", "operand": false}, {"key": "selector", "operator": "equal", "operand": "text.tex.latex"}, {"key": "setting.auto_match_enabled", "operator": "equal", "operand": true}, {"key": "selection_empty", "match_all": true, "operator": "equal", "operand": true}, {"key": "preceding_text", "match_all": true, "operator": "not_regex_contains", "operand": "[\"a-zA-Z0-9_]$"}, {"key": "eol_selector", "match_all": true, "operator": "not_equal", "operand": "string.quoted.double"}]
   insert_snippet                           LaTeXTools            [{"key": "setting.command_mode", "operator": "equal", "operand": false}, {"key": "selector", "operator": "equal", "operand": "text.tex.latex"}, {"key": "setting.auto_match_enabled", "operator": "equal", "operand": true}, {"key": "selection_empty", "match_all": true, "operator": "equal", "operand": false}]
   move                                     LaTeXTools            [{"key": "setting.command_mode", "operator": "equal", "operand": false}, {"key": "selector", "operator": "equal", "operand": "text.tex.latex"}, {"key": "setting.auto_match_enabled", "operator": "equal", "operand": true}, {"key": "selection_empty", "match_all": true, "operator": "equal", "operand": true}, {"key": "following_text", "match_all": true, "operator": "regex_contains", "operand": "^\\$"}]
   insert_snippet                           User                  [{"key": "setting.command_mode", "operator": "equal", "operand": false}, {"key": "selector", "operator": "equal", "operand": "text.tex.latex"}, {"key": "setting.auto_match_enabled", "operator": "equal", "operand": true}, {"key": "selection_empty", "match_all": true, "operator": "equal", "operand": true}, {"key": "preceding_text", "match_all": true, "operator": "not_regex_contains", "operand": "[\"a-zA-Z0-9_]$"}, {"key": "eol_selector", "match_all": true, "operator": "not_equal", "operand": "string.quoted.double"}]
   insert_snippet                           User                  [{"key": "setting.command_mode", "operator": "equal", "operand": false}, {"key": "selector", "operator": "equal", "operand": "text.tex.latex"}, {"key": "setting.auto_match_enabled", "operator": "equal", "operand": true}, {"key": "selection_empty", "match_all": true, "operator": "equal", "operand": false}]
   move                                     User                  [{"key": "setting.command_mode", "operator": "equal", "operand": false}, {"key": "selector", "operator": "equal", "operand": "text.tex.latex"}, {"key": "setting.auto_match_enabled", "operator": "equal", "operand": true}, {"key": "selection_empty", "match_all": true, "operator": "equal", "operand": true}, {"key": "following_text", "match_all": true, "operator": "regex_contains", "operand": "^\\$"}]
 [']
   insert_snippet                           Default               [{"key": "setting.auto_match_enabled", "operator": "equal", "operand": true}, {"key": "selection_empty", "match_all": true, "operator": "equal", "operand": true}, {"key": "following_text", "match_all": true, "operator": "regex_contains", "operand": "^(?:\t| |\\)|]|\\}|>|$)"}, {"key": "preceding_text", "match_all": true, "operator": "not_regex_contains", "operand": "['a-zA-Z0-9_]$"}, {"key": "eol_selector", "match_all": true, "operator": "not_equal", "operand": "string.quoted.single - punctuation.definition.string.end"}]
   insert_snippet                           Default               [{"key": "setting.auto_match_enabled", "operator": "equal", "operand": true}, {"key": "selection_empty", "match_all": true, "operator": "equal", "operand": false}]
   move                                     Default               [{"key": "setting.auto_match_enabled", "operator": "equal", "operand": true}, {"key": "selection_empty", "match_all": true, "operator": "equal", "operand": true}, {"key": "following_text", "match_all": true, "operator": "regex_contains", "operand": "^'"}, {"key": "selector", "match_all": true, "operator": "not_equal", "operand": "punctuation.definition.string.begin"}, {"key": "eol_selector", "match_all": true, "operator": "not_equal", "operand": "string.quoted.single - punctuation.definition.string.end"}]
   move                                     LaTeXTools            [{"key": "selector", "operator": "equal", "operand": "text.tex.latex"}, {"key": "setting.auto_match_enabled", "operator": "equal", "operand": true}, {"key": "selection_empty", "match_all": true, "operator": "equal", "operand": true}, {"key": "following_text", "match_all": true, "operator": "regex_contains", "operand": "^'"}]
   insert_snippet                           Rust                  [{"key": "selector", "operator": "equal", "operand": "source.rust"}]
   move                                     User                  [{"key": "selector", "operator": "equal", "operand": "text.tex.latex"}, {"key": "setting.auto_match_enabled", "operator": "equal", "operand": true}, {"key": "selection_empty", "match_all": true, "operator": "equal", "operand": true}, {"key": "following_text", "match_all": true, "operator": "regex_contains", "operand": "^'"}]
 [(]
   insert_snippet                           Default               [{"key": "setting.auto_match_enabled", "operator": "equal", "operand": true}, {"key": "selection_empty", "match_all": true, "operator": "equal", "operand": true}, {"key": "following_text", "match_all": true, "operator": "regex_contains", "operand": "^(?:\t| |\\)|]|;|\\}|$)"}]
   insert_snippet                           Default               [{"key": "setting.auto_match_enabled", "operator": "equal", "operand": true}, {"key": "selection_empty", "match_all": true, "operator": "equal", "operand": false}]
 [)]
   move                                     Default               [{"key": "setting.auto_match_enabled", "operator": "equal", "operand": true}, {"key": "selection_empty", "match_all": true, "operator": "equal", "operand": true}, {"key": "following_text", "match_all": true, "operator": "regex_contains", "operand": "^\\)"}]
 [,]
   latex_fill_all                           LaTeXTools            [{"key": "setting.disable_latex_ref_cite_auto_trigger", "operator": "not_equal", "operand": true}, {"key": "selector", "operator": "equal", "operand": "text.tex.latex"}, {"key": "selection_empty", "match_all": true, "operator": "equal", "operand": true}, {"key": "lt_fill_all_cite.comma", "match_all": true, "operator": "equal", "operand": true}]
   latex_fill_all                           LaTeXTools            [{"key": "setting.disable_latex_ref_cite_auto_trigger", "operator": "not_equal", "operand": true}, {"key": "selector", "operator": "equal", "operand": "text.tex.latex"}, {"key": "selection_empty", "match_all": true, "operator": "equal", "operand": true}, {"key": "lt_fill_all_ref.comma", "match_all": true, "operator": "equal", "operand": true}]
   latex_fill_all                           LaTeXTools            [{"key": "setting.disable_latex_ref_cite_auto_trigger", "operator": "not_equal", "operand": true}, {"key": "selector", "operator": "equal", "operand": "text.tex.latex"}, {"key": "selection_empty", "match_all": true, "operator": "equal", "operand": true}, {"key": "lt_fill_all_input.comma", "match_all": true, "operator": "equal", "operand": true}]
   latex_ref_cite                           User                  [{"key": "setting.disable_latex_ref_cite_auto_trigger", "operator": "not_equal", "operand": true}, {"key": "selector", "operator": "equal", "operand": "text.tex.latex"}, {"key": "selection_empty", "match_all": true, "operator": "equal", "operand": true}, {"key": "preceding_text", "match_all": true, "operator": "regex_contains", "operand": "\\\\cite([a-zX*]*?)(\\[.*?\\]){0,2}\\{(?:[^{},]*,)*[^{},]+$"}]
 [/]
   close_tag                                Default               [{"key": "selector", "match_all": true, "operator": "equal", "operand": "(text.html, text.xml) - string - comment"}, {"key": "preceding_text", "match_all": true, "operator": "regex_match", "operand": ".*<$"}, {"key": "setting.auto_close_tags"}]
   sublimerge_differences_navigator         Sublimerge Pro        [{"key": "setting.is_sublimerge_view", "operator": "equal", "operand": true}]
 [:]
   insert_snippet                           CSS                   [{"key": "setting.auto_match_enabled", "operator": "equal", "operand": true}, {"key": "selection_empty", "match_all": true, "operator": "equal", "operand": true}, {"key": "selector", "match_all": true, "operator": "equal", "operand": "source.css - meta.selector.css"}, {"key": "following_text", "match_all": true, "operator": "regex_contains", "operand": "^(?:\t| |\\}|$)"}]
 [;]
   move                                     CSS                   [{"key": "setting.auto_match_enabled", "operator": "equal", "operand": true}, {"key": "selection_empty", "match_all": true, "operator": "equal", "operand": true}, {"key": "selector", "match_all": true, "operator": "equal", "operand": "source.css - meta.selector.css"}, {"key": "following_text", "match_all": true, "operator": "regex_contains", "operand": "^;"}]
 [<]
   insert_snippet                           LaTeXTools            [{"key": "selector", "operator": "equal", "operand": "text.tex.latex - (string.other.math, meta.environment.math)"}, {"key": "setting.auto_match_enabled", "operator": "equal", "operand": true}, {"key": "selection_empty", "match_all": true, "operator": "equal", "operand": true}, {"key": "preceding_text", "match_all": true, "operator": "regex_contains", "operand": "\\\\(?:item|only|textbf|color|onslide|only|uncover|visible|invisible|alt|temporal)$"}]
   insert_snippet                           LaTeXTools            [{"key": "selector", "operator": "equal", "operand": "text.tex.latex"}, {"key": "setting.auto_match_enabled", "operator": "equal", "operand": true}, {"key": "selection_empty", "match_all": true, "operator": "equal", "operand": false}]
   insert_snippet                           User                  [{"key": "selector", "operator": "equal", "operand": "text.tex.latex"}, {"key": "selector", "operator": "not_equal", "operand": "string.other.math.tex"}, {"key": "selector", "operator": "not_equal", "operand": "string.other.math.latex"}, {"key": "selector", "operator": "not_equal", "operand": "string.other.math.block.tex"}, {"key": "setting.auto_match_enabled", "operator": "equal", "operand": true}, {"key": "selection_empty", "match_all": true, "operator": "equal", "operand": true}, {"key": "preceding_text", "match_all": true, "operator": "regex_contains", "operand": "\\\\(?:item|only|textbf|color|onslide|only|uncover|visible|invisible|alt|temporal)$"}]
   insert_snippet                           User                  [{"key": "selector", "operator": "equal", "operand": "text.tex.latex"}, {"key": "setting.auto_match_enabled", "operator": "equal", "operand": true}, {"key": "selection_empty", "match_all": true, "operator": "equal", "operand": false}]
 [>]
   move                                     LaTeXTools            [{"key": "selector", "operator": "equal", "operand": "text.tex.latex"}, {"key": "setting.auto_match_enabled", "operator": "equal", "operand": true}, {"key": "selection_empty", "match_all": true, "operator": "equal", "operand": true}, {"key": "following_text", "match_all": true, "operator": "regex_contains", "operand": "^>"}]
   move                                     User                  [{"key": "selector", "operator": "equal", "operand": "text.tex.latex"}, {"key": "setting.auto_match_enabled", "operator": "equal", "operand": true}, {"key": "selection_empty", "match_all": true, "operator": "equal", "operand": true}, {"key": "following_text", "match_all": true, "operator": "regex_contains", "operand": "^>"}]
 [[]
   insert_snippet                           Default               [{"key": "setting.auto_match_enabled", "operator": "equal", "operand": true}, {"key": "selection_empty", "match_all": true, "operator": "equal", "operand": true}, {"key": "following_text", "match_all": true, "operator": "regex_contains", "operand": "^(?:\t| |\\)|]|;|\\}|$)"}]
   insert_snippet                           Default               [{"key": "setting.auto_match_enabled", "operator": "equal", "operand": true}, {"key": "selection_empty", "match_all": true, "operator": "equal", "operand": false}]
   latex_fill_all                           LaTeXTools            [{"key": "setting.disable_latex_ref_cite_auto_trigger", "operator": "not_equal", "operand": true}, {"key": "selector", "operator": "equal", "operand": "text.tex.latex"}, {"key": "selection_empty", "match_all": true, "operator": "equal", "operand": true}, {"key": "lt_fill_all_cite.open_square", "match_all": true, "operator": "equal", "operand": true}]
 []]
   move                                     Default               [{"key": "setting.auto_match_enabled", "operator": "equal", "operand": true}, {"key": "selection_empty", "match_all": true, "operator": "equal", "operand": true}, {"key": "following_text", "match_all": true, "operator": "regex_contains", "operand": "^\\]"}]
 [`]
   insert_snippet                           LaTeXTools            [{"key": "selector", "operator": "equal", "operand": "text.tex.latex"}, {"key": "setting.auto_match_enabled", "operator": "equal", "operand": true}, {"key": "selection_empty", "match_all": true, "operator": "equal", "operand": true}]
   insert_snippet                           LaTeXTools            [{"key": "selector", "operator": "equal", "operand": "text.tex.latex"}, {"key": "setting.auto_match_enabled", "operator": "equal", "operand": true}, {"key": "selection_empty", "match_all": true, "operator": "equal", "operand": false}]
   insert_snippet                           User                  [{"key": "selector", "operator": "equal", "operand": "text.tex.latex"}, {"key": "setting.auto_match_enabled", "operator": "equal", "operand": true}, {"key": "selection_empty", "match_all": true, "operator": "equal", "operand": true}]
   insert_snippet                           User                  [{"key": "selector", "operator": "equal", "operand": "text.tex.latex"}, {"key": "setting.auto_match_enabled", "operator": "equal", "operand": true}, {"key": "selection_empty", "match_all": true, "operator": "equal", "operand": false}]
 [alt+-]
   jump_back                                Default               
 [alt+.]
   close_tag                                Default               
 [alt+0]
   select_by_index                          Default               
 [alt+1]
   select_by_index                          Default               
 [alt+2]
   select_by_index                          Default               
 [alt+3]
   select_by_index                          Default               
 [alt+4]
   select_by_index                          Default               
 [alt+5]
   select_by_index                          Default               
 [alt+6]
   select_by_index                          Default               
 [alt+7]
   select_by_index                          Default               
 [alt+8]
   select_by_index                          Default               
 [alt+9]
   select_by_index                          Default               
 [alt+a]
   toggle_preserve_case                     Default               [{"key": "setting.is_widget", "operator": "equal", "operand": true}]
 [alt+c]
   toggle_case_sensitive                    Default               [{"key": "setting.is_widget", "operator": "equal", "operand": true}]
 [alt+ctrl+d]
   sublimerge                               Sublimerge Pro        
 [alt+ctrl+down]
   select_lines                             Default               
 [alt+ctrl+enter]
   replace_all                              Default               [{"key": "panel", "operand": "replace"}, {"key": "panel_has_focus"}]
 [alt+ctrl+shift+p]
   show_scope_name                          Default               
 [alt+ctrl+up]
   select_lines                             Default               
 [alt+enter]
   find_all                                 Default               [{"key": "panel", "operand": "find"}, {"key": "panel_has_focus"}]
   find_all                                 Default               [{"key": "panel", "operand": "replace"}, {"key": "panel_has_focus"}]
   find_all                                 Default               [{"key": "panel", "operand": "incremental_find"}, {"key": "panel_has_focus"}]
 [alt+f2]
   select_all_bookmarks                     Default               
 [alt+f3]
   find_all_under                           Default               
 [alt+keypad_minus]
   jump_back                                Default               
 [alt+left]
   move                                     Default               
 [alt+o]
   switch_file                              Default               
 [alt+q]
   wrap_lines                               Default               
 [alt+r]
   toggle_regex                             Default               [{"key": "setting.is_widget", "operator": "equal", "operand": true}]
 [alt+right]
   move                                     Default               
 [alt+shift+-]
   jump_forward                             Default               
 [alt+shift+1]
   set_layout                               Default               
 [alt+shift+2]
   set_layout                               Default               
 [alt+shift+3]
   set_layout                               Default               
 [alt+shift+4]
   set_layout                               Default               
 [alt+shift+5]
   set_layout                               Default               
 [alt+shift+8]
   set_layout                               Default               
 [alt+shift+9]
   set_layout                               Default               
 [alt+shift+keypad_minus]
   jump_forward                             Default               
 [alt+shift+left]
   move                                     Default               
 [alt+shift+right]
   move                                     Default               
 [alt+shift+w]
   insert_snippet                           Default               
 [alt+w]
   toggle_whole_word                        Default               [{"key": "setting.is_widget", "operator": "equal", "operand": true}]
 [backspace]
   left_delete                              Default               
   run_macro_file                           Default               [{"key": "setting.auto_match_enabled", "operator": "equal", "operand": true}, {"key": "selection_empty", "match_all": true, "operator": "equal", "operand": true}, {"key": "preceding_text", "match_all": true, "operator": "regex_contains", "operand": "\"$"}, {"key": "following_text", "match_all": true, "operator": "regex_contains", "operand": "^\""}, {"key": "selector", "match_all": true, "operator": "not_equal", "operand": "punctuation.definition.string.begin"}, {"key": "eol_selector", "match_all": true, "operator": "not_equal", "operand": "string.quoted.double - punctuation.definition.string.end"}]
   run_macro_file                           Default               [{"key": "setting.auto_match_enabled", "operator": "equal", "operand": true}, {"key": "selection_empty", "match_all": true, "operator": "equal", "operand": true}, {"key": "preceding_text", "match_all": true, "operator": "regex_contains", "operand": "'$"}, {"key": "following_text", "match_all": true, "operator": "regex_contains", "operand": "^'"}, {"key": "selector", "match_all": true, "operator": "not_equal", "operand": "punctuation.definition.string.begin"}, {"key": "eol_selector", "match_all": true, "operator": "not_equal", "operand": "string.quoted.single - punctuation.definition.string.end"}]
   run_macro_file                           Default               [{"key": "setting.auto_match_enabled", "operator": "equal", "operand": true}, {"key": "selection_empty", "match_all": true, "operator": "equal", "operand": true}, {"key": "preceding_text", "match_all": true, "operator": "regex_contains", "operand": "\\($"}, {"key": "following_text", "match_all": true, "operator": "regex_contains", "operand": "^\\)"}]
   run_macro_file                           Default               [{"key": "setting.auto_match_enabled", "operator": "equal", "operand": true}, {"key": "selection_empty", "match_all": true, "operator": "equal", "operand": true}, {"key": "preceding_text", "match_all": true, "operator": "regex_contains", "operand": "\\[$"}, {"key": "following_text", "match_all": true, "operator": "regex_contains", "operand": "^\\]"}]
   run_macro_file                           Default               [{"key": "setting.auto_match_enabled", "operator": "equal", "operand": true}, {"key": "selection_empty", "match_all": true, "operator": "equal", "operand": true}, {"key": "preceding_text", "match_all": true, "operator": "regex_contains", "operand": "\\{$"}, {"key": "following_text", "match_all": true, "operator": "regex_contains", "operand": "^\\}"}]
   run_macro_file                           CSS                   [{"key": "setting.auto_match_enabled", "operator": "equal", "operand": true}, {"key": "selection_empty", "match_all": true, "operator": "equal", "operand": true}, {"key": "selector", "match_all": true, "operator": "equal", "operand": "source.css - meta.selector.css"}, {"key": "preceding_text", "match_all": true, "operator": "regex_contains", "operand": ":$"}, {"key": "following_text", "match_all": true, "operator": "regex_contains", "operand": "^;"}]
   run_macro_file                           CSS                   [{"key": "setting.auto_match_enabled", "operator": "equal", "operand": true}, {"key": "selection_empty", "match_all": true, "operator": "equal", "operand": true}, {"key": "selector", "match_all": true, "operator": "equal", "operand": "source.css - meta.selector.css"}, {"key": "preceding_text", "match_all": true, "operator": "regex_contains", "operand": "\\{ $"}, {"key": "following_text", "match_all": true, "operator": "regex_contains", "operand": "^ \\}"}]
   run_macro_file                           LaTeXTools            [{"key": "selector", "operator": "equal", "operand": "text.tex.latex"}, {"key": "setting.auto_match_enabled", "operator": "equal", "operand": true}, {"key": "selection_empty", "match_all": true, "operator": "equal", "operand": true}, {"key": "preceding_text", "match_all": true, "operator": "regex_contains", "operand": "\\$$"}, {"key": "following_text", "match_all": true, "operator": "regex_contains", "operand": "^\\$"}]
   run_macro_file                           LaTeXTools            [{"key": "selector", "operator": "equal", "operand": "text.tex.latex"}, {"key": "setting.auto_match_enabled", "operator": "equal", "operand": true}, {"key": "preceding_text", "match_all": true, "operator": "regex_contains", "operand": "<$"}, {"key": "following_text", "match_all": true, "operator": "regex_contains", "operand": "^>"}]
   run_macro_file                           LaTeXTools            [{"key": "selector", "operator": "equal", "operand": "text.tex.latex"}, {"key": "setting.auto_match_enabled", "operator": "equal", "operand": true}, {"key": "selection_empty", "match_all": true, "operator": "equal", "operand": true}, {"key": "preceding_text", "match_all": true, "operator": "regex_contains", "operand": "`$"}, {"key": "following_text", "match_all": true, "operator": "regex_contains", "operand": "^'"}]
   run_macro_file                           User                  [{"key": "selector", "operator": "equal", "operand": "text.tex.latex"}, {"key": "setting.auto_match_enabled", "operator": "equal", "operand": true}, {"key": "selection_empty", "match_all": true, "operator": "equal", "operand": true}, {"key": "preceding_text", "match_all": true, "operator": "regex_contains", "operand": "\\$$"}, {"key": "following_text", "match_all": true, "operator": "regex_contains", "operand": "^\\$"}]
   run_macro_file                           User                  [{"key": "selector", "operator": "equal", "operand": "text.tex.latex"}, {"key": "setting.auto_match_enabled", "operator": "equal", "operand": true}, {"key": "preceding_text", "match_all": true, "operator": "regex_contains", "operand": "<$"}, {"key": "following_text", "match_all": true, "operator": "regex_contains", "operand": "^>"}]
   run_macro_file                           User                  [{"key": "selector", "operator": "equal", "operand": "text.tex.latex"}, {"key": "setting.auto_match_enabled", "operator": "equal", "operand": true}, {"key": "selection_empty", "match_all": true, "operator": "equal", "operand": true}, {"key": "preceding_text", "match_all": true, "operator": "regex_contains", "operand": "`$"}, {"key": "following_text", "match_all": true, "operator": "regex_contains", "operand": "^'"}]
 [context_menu]
   context_menu                             Default               
 [ctrl++]
   increase_font_size                       Default               
 [ctrl+-]
   decrease_font_size                       Default               
 [ctrl+/]
   toggle_comment                           Default               
 [ctrl+0]
   focus_side_bar                           Default               
 [ctrl+1]
   focus_group                              Default               
 [ctrl+2]
   focus_group                              Default               
 [ctrl+3]
   focus_group                              Default               
 [ctrl+4]
   focus_group                              Default               
 [ctrl+5]
   focus_group                              Default               
 [ctrl+6]
   focus_group                              Default               
 [ctrl+7]
   focus_group                              Default               
 [ctrl+8]
   focus_group                              Default               
 [ctrl+9]
   focus_group                              Default               
 [ctrl+;]
   show_overlay                             Default               
 [ctrl+=]
   increase_font_size                       Default               
 [ctrl+[]
   unindent                                 Default               
 [ctrl+]]
   indent                                   Default               
 [ctrl+`]
   show_panel                               Default               
 [ctrl+a]
   select_all                               Default               
 [ctrl+a+option]
   clang_format                             Clang Format          [{"key": "selector", "operator": "equal", "operand": "source.c++"}]
   clang_format                             Clang Format          [{"key": "selector", "operator": "equal", "operand": "source.c"}]
   clang_format                             Clang Format          [{"key": "selector", "operator": "equal", "operand": "source.js"}]
 [ctrl+b]
   build                                    Default               
 [ctrl+backspace]
   delete_word                              Default               
 [ctrl+break]
   exec                                     Default               
 [ctrl+c]
   copy                                     Default               
 [ctrl+d]
   find_under_expand                        Default               
 [ctrl+delete]
   delete_word                              Default               
 [ctrl+down]
   scroll_lines                             Default               
 [ctrl+e]
   slurp_find_string                        Default               
 [ctrl+end]
   move_to                                  Default               
 [ctrl+enter]
   run_macro_file                           Default               
   sublimerge_toggle_edit                   Sublimerge Pro        [{"key": "setting.is_sublimerge_view", "operator": "equal", "operand": true}]
 [ctrl+equals]
   increase_font_size                       Default               
 [ctrl+f]
   show_panel                               Default               
 [ctrl+f2]
   toggle_bookmark                          Default               
 [ctrl+f3]
   find_under                               Default               
 [ctrl+f4]
   close_file                               Default               
 [ctrl+f6]
   next_misspelling                         Default               
 [ctrl+f9]
   sort_lines                               Default               
 [ctrl+g]
   show_overlay                             Default               
 [ctrl+h]
   show_panel                               Default               
 [ctrl+home]
   move_to                                  Default               
 [ctrl+i]
   show_panel                               Default               
 [ctrl+insert]
   copy                                     Default               
 [ctrl+j]
   join_lines                               Default               
 [ctrl+k,ctrl+0]
   unfold_all                               Default               
 [ctrl+k,ctrl+1]
   fold_by_level                            Default               
 [ctrl+k,ctrl+2]
   fold_by_level                            Default               
 [ctrl+k,ctrl+3]
   fold_by_level                            Default               
 [ctrl+k,ctrl+4]
   fold_by_level                            Default               
 [ctrl+k,ctrl+5]
   fold_by_level                            Default               
 [ctrl+k,ctrl+6]
   fold_by_level                            Default               
 [ctrl+k,ctrl+7]
   fold_by_level                            Default               
 [ctrl+k,ctrl+8]
   fold_by_level                            Default               
 [ctrl+k,ctrl+9]
   fold_by_level                            Default               
 [ctrl+k,ctrl+a]
   select_to_mark                           Default               
 [ctrl+k,ctrl+b]
   toggle_side_bar                          Default               
 [ctrl+k,ctrl+backspace]
   run_macro_file                           Default               
 [ctrl+k,ctrl+c]
   show_at_center                           Default               
 [ctrl+k,ctrl+d]
   find_under_expand_skip                   Default               
 [ctrl+k,ctrl+down]
   close_pane                               Default               
 [ctrl+k,ctrl+g]
   clear_bookmarks                          Default               
 [ctrl+k,ctrl+j]
   unfold_all                               Default               
 [ctrl+k,ctrl+k]
   run_macro_file                           Default               
 [ctrl+k,ctrl+l]
   lower_case                               Default               
 [ctrl+k,ctrl+left]
   focus_neighboring_group                  Default               
 [ctrl+k,ctrl+right]
   focus_neighboring_group                  Default               
 [ctrl+k,ctrl+shift+left]
   move_to_neighboring_group                Default               
 [ctrl+k,ctrl+shift+right]
   move_to_neighboring_group                Default               
 [ctrl+k,ctrl+shift+up]
   new_pane                                 Default               
 [ctrl+k,ctrl+space]
   set_mark                                 Default               
 [ctrl+k,ctrl+t]
   fold_tag_attributes                      Default               
 [ctrl+k,ctrl+u]
   upper_case                               Default               
 [ctrl+k,ctrl+up]
   new_pane                                 Default               
 [ctrl+k,ctrl+v]
   paste_from_history                       Default               
 [ctrl+k,ctrl+w]
   delete_to_mark                           Default               
 [ctrl+k,ctrl+x]
   swap_with_mark                           Default               
 [ctrl+k,ctrl+y]
   yank                                     Default               
 [ctrl+keypad_minus]
   decrease_font_size                       Default               
 [ctrl+keypad_plus]
   increase_font_size                       Default               
 [ctrl+l]
   expand_selection                         Default               
 [ctrl+l,.]
   latex_env_closer                         LaTeXTools            [{"key": "selector", "operator": "equal", "operand": "text.tex.latex"}]
   latex_env_closer                         User                  [{"key": "selector", "operator": "equal", "operand": "text.tex.latex"}]
 [ctrl+l,alt+ctrl+f]
   latex_fill_all                           LaTeXTools            [{"key": "selector", "operator": "equal", "operand": "text.tex.latex"}]
 [ctrl+l,alt+x,c]
   latex_fill_all                           LaTeXTools            [{"key": "selector", "operator": "equal", "operand": "text.tex.latex"}]
 [ctrl+l,alt+x,r]
   latex_fill_all                           LaTeXTools            [{"key": "selector", "operator": "equal", "operand": "text.tex.latex"}]
 [ctrl+l,backspace]
   delete_temp_files                        LaTeXTools            [{"key": "selector", "operator": "equal", "operand": "text.tex.latex"}]
   delete_temp_files                        User                  [{"key": "selector", "operator": "equal", "operand": "text.tex.latex"}]
 [ctrl+l,c]
   latexcmd                                 LaTeXTools            [{"key": "selector", "operator": "equal", "operand": "text.tex.latex"}]
   latexcmd                                 User                  [{"key": "selector", "operator": "equal", "operand": "text.tex.latex"}]
 [ctrl+l,ctrl+b]
   insert_snippet                           LaTeXTools            [{"key": "selector", "operator": "equal", "operand": "text.tex.latex"}]
   insert_snippet                           User                  [{"key": "selector", "operator": "equal", "operand": "text.tex.latex"}]
 [ctrl+l,ctrl+c]
   insert_snippet                           LaTeXTools            [{"key": "selector", "operator": "equal", "operand": "text.tex.latex"}]
   insert_snippet                           User                  [{"key": "selector", "operator": "equal", "operand": "text.tex.latex"}]
 [ctrl+l,ctrl+d,ctrl+c]
   clear_local_latex_cache                  LaTeXTools            [{"key": "selector", "operator": "equal", "operand": "text.tex.latex"}]
 [ctrl+l,ctrl+e]
   insert_snippet                           LaTeXTools            [{"key": "selector", "operator": "equal", "operand": "text.tex.latex"}]
   insert_snippet                           User                  [{"key": "selector", "operator": "equal", "operand": "text.tex.latex"}]
 [ctrl+l,ctrl+f]
   latex_fill_all                           LaTeXTools            [{"key": "selector", "operator": "equal", "operand": "text.tex.latex"}]
   latex_fill_all                           User                  [{"key": "selector", "operator": "equal", "operand": "text.tex.latex"}]
 [ctrl+l,ctrl+j]
   jumpto_tex_anywhere                      LaTeXTools            [{"key": "selector", "operator": "equal", "operand": "text.tex.latex"}]
 [ctrl+l,ctrl+l]
   expand_selection                         LaTeXTools            [{"key": "selector", "operator": "equal", "operand": "text.tex.latex"}]
   expand_selection                         User                  [{"key": "selector", "operator": "equal", "operand": "text.tex.latex"}]
 [ctrl+l,ctrl+n]
   insert_snippet                           LaTeXTools            [{"key": "selector", "operator": "equal", "operand": "text.tex.latex"}]
   insert_snippet                           LaTeXTools            [{"key": "selector", "operator": "equal", "operand": "text.tex.latex"}, {"key": "selection_empty", "match_all": true, "operator": "equal", "operand": true}]
   insert_snippet                           User                  [{"key": "selector", "operator": "equal", "operand": "text.tex.latex"}]
 [ctrl+l,ctrl+o]
   jumpto_tex_file                          LaTeXTools            [{"key": "selector", "operator": "equal", "operand": "text.tex.latex"}]
   jumpto_tex_file                          User                  [{"key": "selector", "operator": "equal", "operand": "text.tex.latex"}]
 [ctrl+l,ctrl+shift+n]
   latex_change_environment                 LaTeXTools            [{"key": "selector", "operator": "equal", "operand": "text.tex.latex"}]
   latex_change_environment                 User                  [{"key": "selector", "operator": "equal", "operand": "text.tex.latex"}]
 [ctrl+l,ctrl+space]
   latex_fill_all                           LaTeXTools            [{"key": "selector", "operator": "equal", "operand": "text.tex.latex"}]
   latex_ref_cite                           User                  [{"key": "selector", "operator": "equal", "operand": "text.tex.latex"}]
 [ctrl+l,ctrl+t]
   insert_snippet                           LaTeXTools            [{"key": "selector", "operator": "equal", "operand": "text.tex.latex"}]
   insert_snippet                           User                  [{"key": "selector", "operator": "equal", "operand": "text.tex.latex"}]
 [ctrl+l,ctrl+u]
   insert_snippet                           LaTeXTools            [{"key": "selector", "operator": "equal", "operand": "text.tex.latex"}]
   insert_snippet                           User                  [{"key": "selector", "operator": "equal", "operand": "text.tex.latex"}]
 [ctrl+l,e]
   latexenv                                 LaTeXTools            [{"key": "selector", "operator": "equal", "operand": "text.tex.latex"}]
   latexenv                                 User                  [{"key": "selector", "operator": "equal", "operand": "text.tex.latex"}]
 [ctrl+l,j]
   jump_to_pdf                              LaTeXTools            [{"key": "selector", "operator": "equal", "operand": "text.tex.latex"}]
   jump_to_pdf                              User                  [{"key": "selector", "operator": "equal", "operand": "text.tex.latex"}]
 [ctrl+l,t,?]
   toggle_show                              LaTeXTools            [{"key": "selector", "operator": "equal", "operand": "text.tex.latex"}]
   toggle_show                              User                  [{"key": "selector", "operator": "equal", "operand": "text.tex.latex"}]
 [ctrl+l,t,a,b]
   toggle_auto                              LaTeXTools            [{"key": "selector", "operator": "equal", "operand": "text.tex.latex"}]
 [ctrl+l,t,a,c]
   toggle_auto                              LaTeXTools            [{"key": "selector", "operator": "equal", "operand": "text.tex.latex"}]
   toggle_auto                              User                  [{"key": "selector", "operator": "equal", "operand": "text.tex.latex"}]
 [ctrl+l,t,a,e]
   toggle_auto                              LaTeXTools            [{"key": "selector", "operator": "equal", "operand": "text.tex.latex"}]
 [ctrl+l,t,a,f]
   toggle_auto                              LaTeXTools            [{"key": "selector", "operator": "equal", "operand": "text.tex.latex"}]
   toggle_auto                              User                  [{"key": "selector", "operator": "equal", "operand": "text.tex.latex"}]
 [ctrl+l,t,a,r]
   toggle_auto                              LaTeXTools            [{"key": "selector", "operator": "equal", "operand": "text.tex.latex"}]
   toggle_auto                              User                  [{"key": "selector", "operator": "equal", "operand": "text.tex.latex"}]
 [ctrl+l,t,f]
   toggle_focus                             LaTeXTools            [{"key": "selector", "operator": "equal", "operand": "text.tex.latex"}]
   toggle_focus                             User                  [{"key": "selector", "operator": "equal", "operand": "text.tex.latex"}]
 [ctrl+l,t,s]
   toggle_fwdsync                           LaTeXTools            [{"key": "selector", "operator": "equal", "operand": "text.tex.latex"}]
   toggle_fwdsync                           User                  [{"key": "selector", "operator": "equal", "operand": "text.tex.latex"}]
 [ctrl+l,t,v]
   toggle_view_on_build                     LaTeXTools            [{"key": "selector", "operator": "equal", "operand": "text.tex.latex"}]
 [ctrl+l,v]
   view_pdf                                 LaTeXTools            [{"key": "selector", "operator": "equal", "operand": "text.tex.latex"}]
   view_pdf                                 User                  [{"key": "selector", "operator": "equal", "operand": "text.tex.latex"}]
 [ctrl+l,w]
   texcount                                 LaTeXTools            [{"key": "selector", "operator": "equal", "operand": "text.tex.latex"}]
 [ctrl+l,x]
   latex_fill_all                           LaTeXTools            [{"key": "selector", "operator": "equal", "operand": "text.tex.latex"}]
   latex_ref_cite                           User                  [{"key": "selector", "operator": "equal", "operand": "text.tex.latex"}]
 [ctrl+left]
   move                                     Default               
 [ctrl+m]
   move_to                                  Default               
 [ctrl+n]
   new_file                                 Default               
 [ctrl+o]
   prompt_open_file                         Default               
 [ctrl+p]
   show_overlay                             Default               
 [ctrl+pagedown]
   next_view                                Default               
 [ctrl+pageup]
   prev_view                                Default               
 [ctrl+q]
   toggle_record_macro                      Default               
 [ctrl+r]
   show_overlay                             Default               
 [ctrl+right]
   move                                     Default               
 [ctrl+s]
   save                                     Default               
 [ctrl+shift+/]
   toggle_comment                           Default               
 [ctrl+shift+1]
   move_to_group                            Default               
 [ctrl+shift+2]
   move_to_group                            Default               
 [ctrl+shift+3]
   move_to_group                            Default               
 [ctrl+shift+4]
   move_to_group                            Default               
 [ctrl+shift+5]
   move_to_group                            Default               
 [ctrl+shift+6]
   move_to_group                            Default               
 [ctrl+shift+7]
   move_to_group                            Default               
 [ctrl+shift+8]
   move_to_group                            Default               
 [ctrl+shift+9]
   move_to_group                            Default               
 [ctrl+shift+[]
   fold                                     Default               
 [ctrl+shift+]]
   unfold                                   Default               
 [ctrl+shift+a]
   expand_selection                         Default               
 [ctrl+shift+b]
   build                                    Default               
 [ctrl+shift+backspace]
   left_delete                              Default               
   run_macro_file                           Default               
 [ctrl+shift+c]
   convert_to_utf8                          ConvertToUTF8         
 [ctrl+shift+d]
   duplicate_line                           Default               
 [ctrl+shift+delete]
   run_macro_file                           Default               
 [ctrl+shift+down]
   swap_line_down                           Default               
 [ctrl+shift+e]
   slurp_replace_string                     Default               
 [ctrl+shift+end]
   move_to                                  Default               
 [ctrl+shift+enter]
   run_macro_file                           Default               
 [ctrl+shift+equals]
   decrease_font_size                       Default               
 [ctrl+shift+f]
   show_panel                               Default               
 [ctrl+shift+f2]
   clear_bookmarks                          Default               
 [ctrl+shift+f3]
   find_under_prev                          Default               
 [ctrl+shift+f6]
   prev_misspelling                         Default               
 [ctrl+shift+h]
   replace_next                             Default               
 [ctrl+shift+home]
   move_to                                  Default               
 [ctrl+shift+i]
   show_panel                               Default               
 [ctrl+shift+j]
   expand_selection                         Default               
 [ctrl+shift+k]
   run_macro_file                           Default               
 [ctrl+shift+keypad_plus]
   decrease_font_size                       Default               
 [ctrl+shift+l]
   split_selection_into_lines               Default               
 [ctrl+shift+left]
   move                                     Default               
 [ctrl+shift+m]
   expand_selection                         Default               
   markdown_html_preview                    Markdown HTML Preview  [{"key": "selector", "operator": "equal", "operand": "text.html.markdown"}]
 [ctrl+shift+n]
   new_window                               Default               
 [ctrl+shift+p]
   show_overlay                             Default               
 [ctrl+shift+q]
   run_macro                                Default               
 [ctrl+shift+r]
   goto_symbol_in_project                   Default               
 [ctrl+shift+right]
   move                                     Default               
 [ctrl+shift+s]
   prompt_save_as                           Default               
 [ctrl+shift+space]
   expand_selection                         Default               
 [ctrl+shift+t]
   reopen_last_file                         Default               
 [ctrl+shift+tab]
   prev_view_in_stack                       Default               
 [ctrl+shift+u]
   soft_redo                                Default               
 [ctrl+shift+up]
   swap_line_up                             Default               
 [ctrl+shift+v]
   paste_and_indent                         Default               
 [ctrl+shift+w]
   close_window                             Default               
 [ctrl+shift+z]
   redo                                     Default               
 [ctrl+space]
   auto_complete                            Default               
   replace_completion_with_auto_complete    Default               [{"key": "last_command", "operator": "equal", "operand": "insert_best_completion"}, {"key": "auto_complete_visible", "operator": "equal", "operand": false}, {"key": "setting.tab_completion", "operator": "equal", "operand": true}]
 [ctrl+t]
   transpose                                Default               
 [ctrl+tab]
   next_view_in_stack                       Default               
 [ctrl+u]
   soft_undo                                Default               
 [ctrl+up]
   scroll_lines                             Default               
 [ctrl+v]
   paste                                    Default               
 [ctrl+w]
   close                                    Default               
 [ctrl+x]
   cut                                      Default               
 [ctrl+y]
   redo_or_repeat                           Default               
 [ctrl+z]
   undo                                     Default               
 [delete]
   right_delete                             Default               
 [down]
   move                                     Default               
   sublimerge_go_down                       Sublimerge Pro        [{"key": "setting.is_sublimerge_view", "match_all": true, "operator": "equal", "operand": true}, {"key": "setting.is_sublimerge_edit_mode", "match_all": true, "operator": "equal", "operand": false}]
 [end]
   move_to                                  Default               
 [enter]
   insert                                   Default               
   commit_completion                        Default               [{"key": "auto_complete_visible"}, {"key": "setting.auto_complete_commit_on_tab", "operand": false}]
   run_macro_file                           Default               [{"key": "setting.auto_indent", "operator": "equal", "operand": true}, {"key": "selection_empty", "match_all": true, "operator": "equal", "operand": true}, {"key": "preceding_text", "match_all": true, "operator": "regex_contains", "operand": "\\{$"}, {"key": "following_text", "match_all": true, "operator": "regex_contains", "operand": "^\\}"}]
   auto_indent_tag                          Default               [{"key": "setting.auto_indent", "operator": "equal", "operand": true}, {"key": "selection_empty", "match_all": true, "operator": "equal", "operand": true}, {"key": "selector", "match_all": true, "operator": "equal", "operand": "punctuation.definition.tag.begin"}, {"key": "preceding_text", "match_all": true, "operator": "regex_contains", "operand": ">$"}, {"key": "following_text", "match_all": true, "operator": "regex_contains", "operand": "^</"}]
   find_next                                Default               [{"key": "panel", "operand": "find"}, {"key": "panel_has_focus"}]
   find_next                                Default               [{"key": "panel", "operand": "replace"}, {"key": "panel_has_focus"}]
   hide_panel                               Default               [{"key": "panel", "operand": "incremental_find"}, {"key": "panel_has_focus"}]
   sublimerge_diff_dir_or_file              Sublimerge Pro        [{"key": "setting.is_sublimerge_view_dirs", "operator": "equal", "operand": true}]
 [escape]
   single_selection                         Default               [{"key": "num_selections", "operator": "not_equal", "operand": 1}]
   clear_fields                             Default               [{"key": "has_next_field", "operator": "equal", "operand": true}]
   clear_fields                             Default               [{"key": "has_prev_field", "operator": "equal", "operand": true}]
   hide_panel                               Default               [{"key": "panel_visible", "operator": "equal", "operand": true}]
   hide_overlay                             Default               [{"key": "overlay_visible", "operator": "equal", "operand": true}]
   hide_popup                               Default               [{"key": "popup_visible", "operator": "equal", "operand": true}]
   hide_auto_complete                       Default               [{"key": "auto_complete_visible", "operator": "equal", "operand": true}]
 [f1]
   compile_with_xelatex                     User                  
 [f11]
   toggle_full_screen                       Default               
 [f12]
   goto_definition                          Default               
 [f2]
   next_bookmark                            Default               
 [f3]
   find_next                                Default               
 [f4]
   next_result                              Default               
 [f6]
   toggle_setting                           Default               
 [f7]
   build                                    Default               
 [f9]
   sort_lines                               Default               
 [home]
   move_to                                  Default               
 [insert]
   toggle_overwrite                         Default               
 [left]
   move                                     Default               
   sublimerge_merge_left                    Sublimerge Pro        [{"key": "setting.is_sublimerge_view", "match_all": true, "operator": "equal", "operand": true}, {"key": "setting.is_sublimerge_edit_mode", "match_all": true, "operator": "equal", "operand": false}]
 [pagedown]
   move                                     Default               
 [pageup]
   move                                     Default               
 [right]
   move                                     Default               
   sublimerge_merge_right                   Sublimerge Pro        [{"key": "setting.is_sublimerge_view", "match_all": true, "operator": "equal", "operand": true}, {"key": "setting.is_sublimerge_edit_mode", "match_all": true, "operator": "equal", "operand": false}]
 [shift+backspace]
   left_delete                              Default               
 [shift+delete]
   cut                                      Default               
 [shift+down]
   move                                     Default               
 [shift+end]
   move_to                                  Default               
 [shift+enter]
   insert                                   Default               
   run_macro_file                           Default               [{"key": "setting.auto_indent", "operator": "equal", "operand": true}, {"key": "selection_empty", "match_all": true, "operator": "equal", "operand": true}, {"key": "preceding_text", "match_all": true, "operator": "regex_contains", "operand": "\\{$"}, {"key": "following_text", "match_all": true, "operator": "regex_contains", "operand": "^\\}"}]
   auto_indent_tag                          Default               [{"key": "setting.auto_indent", "operator": "equal", "operand": true}, {"key": "selection_empty", "match_all": true, "operator": "equal", "operand": true}, {"key": "selector", "match_all": true, "operator": "equal", "operand": "punctuation.definition.tag.begin"}, {"key": "preceding_text", "match_all": true, "operator": "regex_contains", "operand": ">$"}, {"key": "following_text", "match_all": true, "operator": "regex_contains", "operand": "^</"}]
   find_prev                                Default               [{"key": "panel", "operand": "find"}, {"key": "panel_has_focus"}]
   find_prev                                Default               [{"key": "panel", "operand": "replace"}, {"key": "panel_has_focus"}]
   find_prev                                Default               [{"key": "panel", "operand": "incremental_find"}, {"key": "panel_has_focus"}]
   insert_snippet                           LaTeXTools            [{"key": "selector", "operator": "equal", "operand": "meta.function.environment.list.latex"}, {"key": "setting.auto_match_enabled", "operator": "equal", "operand": true}, {"key": "selection_empty", "match_all": true, "operator": "equal", "operand": true}]
   insert_snippet                           User                  [{"key": "selector", "operator": "equal", "operand": "meta.function.environment.list.latex"}, {"key": "setting.auto_match_enabled", "operator": "equal", "operand": true}, {"key": "selection_empty", "match_all": true, "operator": "equal", "operand": true}]
 [shift+f11]
   toggle_distraction_free                  Default               
 [shift+f2]
   prev_bookmark                            Default               
 [shift+f3]
   find_prev                                Default               
 [shift+f4]
   prev_result                              Default               
 [shift+home]
   move_to                                  Default               
 [shift+insert]
   paste                                    Default               
 [shift+left]
   move                                     Default               
   sublimerge_merge_left                    Sublimerge Pro        [{"key": "setting.is_sublimerge_view", "match_all": true, "operator": "equal", "operand": true}, {"key": "setting.is_sublimerge_edit_mode", "match_all": true, "operator": "equal", "operand": false}]
 [shift+pagedown]
   move                                     Default               
 [shift+pageup]
   move                                     Default               
 [shift+right]
   move                                     Default               
   sublimerge_merge_right                   Sublimerge Pro        [{"key": "setting.is_sublimerge_view", "match_all": true, "operator": "equal", "operand": true}, {"key": "setting.is_sublimerge_edit_mode", "match_all": true, "operator": "equal", "operand": false}]
 [shift+super+down]
   insert_snippet                           LaTeXTools            [{"key": "selector", "operator": "equal", "operand": "text.tex.latex string.other.math"}, {"key": "setting.auto_match_enabled", "operator": "equal", "operand": true}, {"key": "selection_empty", "match_all": true, "operator": "equal", "operand": true}]
   insert_snippet                           User                  [{"key": "selector", "operator": "equal", "operand": "text.tex.latex string.other.math"}, {"key": "setting.auto_match_enabled", "operator": "equal", "operand": true}, {"key": "selection_empty", "match_all": true, "operator": "equal", "operand": true}]
 [shift+super+up]
   insert_snippet                           LaTeXTools            [{"key": "selector", "operator": "equal", "operand": "text.tex.latex string.other.math"}, {"key": "setting.auto_match_enabled", "operator": "equal", "operand": true}, {"key": "selection_empty", "match_all": true, "operator": "equal", "operand": true}]
   insert_snippet                           User                  [{"key": "selector", "operator": "equal", "operand": "text.tex.latex string.other.math"}, {"key": "setting.auto_match_enabled", "operator": "equal", "operand": true}, {"key": "selection_empty", "match_all": true, "operator": "equal", "operand": true}]
 [shift+tab]
   insert                                   Default               
   unindent                                 Default               [{"key": "setting.shift_tab_unindent", "operator": "equal", "operand": true}]
   unindent                                 Default               [{"key": "preceding_text", "operator": "regex_match", "operand": "^[\t ]*"}]
   unindent                                 Default               [{"key": "text", "operator": "regex_contains", "operand": "\n"}]
   prev_field                               Default               [{"key": "has_prev_field", "operator": "equal", "operand": true}]
 [shift+up]
   move                                     Default               
 [tab]
   insert_best_completion                   Default               
   insert_best_completion                   Default               [{"key": "setting.tab_completion", "operator": "equal", "operand": true}, {"key": "preceding_text", "match_all": true, "operator": "not_regex_match", "operand": ".*\\b[0-9]+$"}]
   replace_completion_with_next_completion  Default               [{"key": "last_command", "operator": "equal", "operand": "insert_best_completion"}, {"key": "setting.tab_completion", "operator": "equal", "operand": true}]
   reindent                                 Default               [{"key": "setting.auto_indent", "operator": "equal", "operand": true}, {"key": "selection_empty", "match_all": true, "operator": "equal", "operand": true}, {"key": "preceding_text", "match_all": true, "operator": "regex_match", "operand": "^$"}, {"key": "following_text", "match_all": true, "operator": "regex_match", "operand": "^$"}]
   indent                                   Default               [{"key": "text", "operator": "regex_contains", "operand": "\n"}]
   next_field                               Default               [{"key": "has_next_field", "operator": "equal", "operand": true}]
   commit_completion                        Default               [{"key": "auto_complete_visible"}, {"key": "setting.auto_complete_commit_on_tab"}]
 [up]
   move                                     Default               
   sublimerge_go_up                         Sublimerge Pro        [{"key": "setting.is_sublimerge_view", "match_all": true, "operator": "equal", "operand": true}, {"key": "setting.is_sublimerge_edit_mode", "match_all": true, "operator": "equal", "operand": false}]
 [{]
   insert_snippet                           Default               [{"key": "setting.auto_match_enabled", "operator": "equal", "operand": true}, {"key": "selection_empty", "match_all": true, "operator": "equal", "operand": true}, {"key": "following_text", "match_all": true, "operator": "regex_contains", "operand": "^(?:\t| |\\)|]|\\}|$)"}]
   wrap_block                               Default               [{"key": "indented_block", "match_all": true}, {"key": "setting.auto_match_enabled", "operator": "equal", "operand": true}, {"key": "selection_empty", "match_all": true, "operator": "equal", "operand": true}, {"key": "following_text", "match_all": true, "operator": "regex_match", "operand": "^$"}]
   insert_snippet                           Default               [{"key": "setting.auto_match_enabled", "operator": "equal", "operand": true}, {"key": "selection_empty", "match_all": true, "operator": "equal", "operand": false}]
   latex_fill_all                           LaTeXTools            [{"key": "setting.disable_latex_ref_cite_auto_trigger", "operator": "not_equal", "operand": true}, {"key": "selector", "operator": "equal", "operand": "text.tex.latex"}, {"key": "selection_empty", "match_all": true, "operator": "equal", "operand": true}, {"key": "lt_fill_all_ref.open_curly", "match_all": true, "operator": "equal", "operand": true}]
   latex_fill_all                           LaTeXTools            [{"key": "setting.disable_latex_ref_cite_auto_trigger", "operator": "not_equal", "operand": true}, {"key": "selector", "operator": "equal", "operand": "text.tex.latex"}, {"key": "selection_empty", "match_all": true, "operator": "equal", "operand": true}, {"key": "lt_fill_all_cite.open_curly", "match_all": true, "operator": "equal", "operand": true}]
   latex_fill_all                           LaTeXTools            [{"key": "setting.disable_latex_ref_cite_auto_trigger", "operator": "not_equal", "operand": true}, {"key": "selector", "operator": "equal", "operand": "text.tex.latex"}, {"key": "selection_empty", "match_all": true, "operator": "equal", "operand": true}, {"key": "lt_fill_all_input.open_curly", "match_all": true, "operator": "equal", "operand": true}]
   latex_fill_all                           LaTeXTools            [{"key": "setting.disable_latex_ref_cite_auto_trigger", "operator": "not_equal", "operand": true}, {"key": "selector", "operator": "equal", "operand": "text.tex.latex"}, {"key": "selection_empty", "match_all": true, "operator": "equal", "operand": true}, {"key": "lt_fill_all_env.open_curly", "match_all": true, "operator": "equal", "operand": true}]
   insert_snippet                           LaTeXTools            [{"key": "indented_block", "match_all": true}, {"key": "selector", "operator": "equal", "operand": "text.tex.latex"}, {"key": "setting.auto_match_enabled", "operator": "equal", "operand": true}, {"key": "selection_empty", "match_all": true, "operator": "equal", "operand": true}, {"key": "following_text", "match_all": true, "operator": "regex_match", "operand": "^$"}]
   latex_ref_cite                           User                  [{"key": "setting.disable_latex_ref_cite_auto_trigger", "operator": "not_equal", "operand": true}, {"key": "selector", "operator": "equal", "operand": "text.tex.latex"}, {"key": "selection_empty", "match_all": true, "operator": "equal", "operand": true}, {"key": "preceding_text", "match_all": true, "operator": "regex_contains", "operand": "\\\\(((eq|page|v|V|auto|name|c|C|cpage)?ref)|(cite([a-zX*]*?)(\\[.*?\\]){0,2}))$"}]
   latex_fill_input                         User                  [{"key": "setting.disable_latex_ref_cite_auto_trigger", "operator": "not_equal", "operand": true}, {"key": "selector", "operator": "equal", "operand": "text.tex.latex"}, {"key": "selection_empty", "match_all": true, "operator": "equal", "operand": true}, {"key": "preceding_text", "match_all": true, "operator": "regex_contains", "operand": "(?:\\\\include)|(?:\\\\input)|(?:\\\\includegraphics(?:\\[[^{}\\[\\]]\\])?)|(?:\\\\addbibresource(?:\\[[^{}\\[\\]]\\])?)|(?:\\\\bibliography)|(?:\\\\documentclass(?:\\[[^{}\\[\\]]\\])?)|(?:\\\\usepackage(?:\\[[^{}\\[\\]]\\])?)|(?:\\\\bibliographystyle)"}]
   insert_snippet                           User                  [{"key": "indented_block", "match_all": true}, {"key": "selector", "operator": "equal", "operand": "text.tex.latex"}, {"key": "setting.auto_match_enabled", "operator": "equal", "operand": true}, {"key": "selection_empty", "match_all": true, "operator": "equal", "operand": true}, {"key": "following_text", "match_all": true, "operator": "regex_match", "operand": "^$"}]
 [}]
   move                                     Default               [{"key": "setting.auto_match_enabled", "operator": "equal", "operand": true}, {"key": "selection_empty", "match_all": true, "operator": "equal", "operand": true}, {"key": "following_text", "match_all": true, "operator": "regex_contains", "operand": "^\\}"}]
